Performing C SOURCE FILE Test CMAKE_HAVE_LIBC_PTHREAD failed with the following output:
Change Dir: /data/dataalice/corso-programmazione-avanzata/geant4-v11.0.3/examples/students/czollo/NaI/build/CMakeFiles/CMakeTmp

Run Build Command(s):/opt/rh/devtoolset-7/root/usr/bin/gmake -f Makefile cmTC_9293c/fast && /opt/rh/devtoolset-7/root/usr/bin/gmake  -f CMakeFiles/cmTC_9293c.dir/build.make CMakeFiles/cmTC_9293c.dir/build
gmake[1]: Entering directory '/data/dataalice/corso-programmazione-avanzata/geant4-v11.0.3/examples/students/czollo/NaI/build/CMakeFiles/CMakeTmp'
Building C object CMakeFiles/cmTC_9293c.dir/src.c.o
/opt/rh/devtoolset-7/root/usr/bin/cc -DCMAKE_HAVE_LIBC_PTHREAD   -o CMakeFiles/cmTC_9293c.dir/src.c.o -c /data/dataalice/corso-programmazione-avanzata/geant4-v11.0.3/examples/students/czollo/NaI/build/CMakeFiles/CMakeTmp/src.c
Linking C executable cmTC_9293c
/data/dataalice/pacchetti/cmake-3.20.5/bin/cmake -E cmake_link_script CMakeFiles/cmTC_9293c.dir/link.txt --verbose=1
/opt/rh/devtoolset-7/root/usr/bin/cc CMakeFiles/cmTC_9293c.dir/src.c.o -o cmTC_9293c 
CMakeFiles/cmTC_9293c.dir/src.c.o: In function `main':
src.c:(.text+0x2d): undefined reference to `pthread_create'
src.c:(.text+0x39): undefined reference to `pthread_detach'
src.c:(.text+0x45): undefined reference to `pthread_cancel'
src.c:(.text+0x56): undefined reference to `pthread_join'
src.c:(.text+0x6a): undefined reference to `pthread_atfork'
collect2: error: ld returned 1 exit status
gmake[1]: *** [CMakeFiles/cmTC_9293c.dir/build.make:99: cmTC_9293c] Error 1
gmake[1]: Leaving directory '/data/dataalice/corso-programmazione-avanzata/geant4-v11.0.3/examples/students/czollo/NaI/build/CMakeFiles/CMakeTmp'
gmake: *** [Makefile:127: cmTC_9293c/fast] Error 2


Source file was:
#include <pthread.h>

static void* test_func(void* data)
{
  return data;
}

int main(void)
{
  pthread_t thread;
  pthread_create(&thread, NULL, test_func, NULL);
  pthread_detach(thread);
  pthread_cancel(thread);
  pthread_join(thread, NULL);
  pthread_atfork(NULL, NULL, NULL);
  pthread_exit(NULL);

  return 0;
}

